0 info it worked if it ends with ok
1 verbose cli [ 'C:\\Program Files\\nodejs\\node.exe',
1 verbose cli   'C:\\Program Files\\nodejs\\node_modules\\npm\\bin\\npm-cli.js',
1 verbose cli   'run',
1 verbose cli   'gulp' ]
2 info using npm@3.10.10
3 info using node@v6.9.5
4 verbose run-script [ 'pregulp', 'gulp', 'postgulp' ]
5 info lifecycle socialfeed_box@1.0.0~pregulp: socialfeed_box@1.0.0
6 silly lifecycle socialfeed_box@1.0.0~pregulp: no script for pregulp, continuing
7 info lifecycle socialfeed_box@1.0.0~gulp: socialfeed_box@1.0.0
8 verbose lifecycle socialfeed_box@1.0.0~gulp: unsafe-perm in lifecycle true
9 verbose lifecycle socialfeed_box@1.0.0~gulp: PATH: C:\Program Files\nodejs\node_modules\npm\bin\node-gyp-bin;D:\projects\socialfeed\socialfeed_box\node_modules\.bin;C:\Windows\system32;C:\Windows;C:\Windows\System32\Wbem;C:\Windows\System32\WindowsPowerShell\v1.0\;C:\Program Files (x86)\Skype\Phone\;C:\Program Files\Git\cmd;C:\Program Files\nodejs\;C:\Users\kit\AppData\Local\Microsoft\WindowsApps;
10 verbose lifecycle socialfeed_box@1.0.0~gulp: CWD: D:\projects\socialfeed\socialfeed_box
11 silly lifecycle socialfeed_box@1.0.0~gulp: Args: [ '/d /s /c', 'gulp' ]
12 silly lifecycle socialfeed_box@1.0.0~gulp: Returned: code: 1  signal: null
13 info lifecycle socialfeed_box@1.0.0~gulp: Failed to exec gulp script
14 verbose stack Error: socialfeed_box@1.0.0 gulp: `gulp`
14 verbose stack Exit status 1
14 verbose stack     at EventEmitter.<anonymous> (C:\Program Files\nodejs\node_modules\npm\lib\utils\lifecycle.js:255:16)
14 verbose stack     at emitTwo (events.js:106:13)
14 verbose stack     at EventEmitter.emit (events.js:191:7)
14 verbose stack     at ChildProcess.<anonymous> (C:\Program Files\nodejs\node_modules\npm\lib\utils\spawn.js:40:14)
14 verbose stack     at emitTwo (events.js:106:13)
14 verbose stack     at ChildProcess.emit (events.js:191:7)
14 verbose stack     at maybeClose (internal/child_process.js:877:16)
14 verbose stack     at Process.ChildProcess._handle.onexit (internal/child_process.js:226:5)
15 verbose pkgid socialfeed_box@1.0.0
16 verbose cwd D:\projects\socialfeed\socialfeed_box
17 error Windows_NT 10.0.14393
18 error argv "C:\\Program Files\\nodejs\\node.exe" "C:\\Program Files\\nodejs\\node_modules\\npm\\bin\\npm-cli.js" "run" "gulp"
19 error node v6.9.5
20 error npm  v3.10.10
21 error code ELIFECYCLE
22 error socialfeed_box@1.0.0 gulp: `gulp`
22 error Exit status 1
23 error Failed at the socialfeed_box@1.0.0 gulp script 'gulp'.
23 error Make sure you have the latest version of node.js and npm installed.
23 error If you do, this is most likely a problem with the socialfeed_box package,
23 error not with npm itself.
23 error Tell the author that this fails on your system:
23 error     gulp
23 error You can get information on how to open an issue for this project with:
23 error     npm bugs socialfeed_box
23 error Or if that isn't available, you can get their info via:
23 error     npm owner ls socialfeed_box
23 error There is likely additional logging output above.
24 verbose exit [ 1, true ]
